app/build/outputs/logs/manifest-merger-debug-report.txt
-- Merging decision tree log ---
manifest
ADDED from src\main\AndroidManifest.xml:17:1-46:12
	package
		ADDED from src\main\AndroidManifest.xml:19:5-25
		INJECTED from src\main\AndroidManifest.xml
		INJECTED from src\main\AndroidManifest.xml
	android:versionName
		INJECTED from src\main\AndroidManifest.xml
		INJECTED from src\main\AndroidManifest.xml
	xmlns:tools
		ADDED from src\main\AndroidManifest.xml:18:5-51
	xmlns:android
		ADDED from src\main\AndroidManifest.xml:17:11-69
	android:versionCode
		INJECTED from src\main\AndroidManifest.xml
		INJECTED from src\main\AndroidManifest.xml
uses-feature#android.hardware.bluetooth_le
ADDED from src\main\AndroidManifest.xml:25:5-89
	android:required
		ADDED from src\main\AndroidManifest.xml:25:64-87
	android:name
		ADDED from src\main\AndroidManifest.xml:25:19-63
uses-permission#android.permission.BLUETOOTH
ADDED from src\main\AndroidManifest.xml:27:5-67
	android:name
		ADDED from src\main\AndroidManifest.xml:27:22-65
uses-permission#android.permission.BLUETOOTH_ADMIN
ADDED from src\main\AndroidManifest.xml:28:5-73
	android:name
		ADDED from src\main\AndroidManifest.xml:28:22-71
uses-permission#android.permission.VIBRATE
ADDED from src\main\AndroidManifest.xml:29:5-65
	android:name
		ADDED from src\main\AndroidManifest.xml:29:22-63
application
ADDED from src\main\AndroidManifest.xml:31:5-45:19
MERGED from [com.tsengvn:Typekit:1.0.0] AndroidManifest.xml:11:5-14:19
	android:label
		ADDED from src\main\AndroidManifest.xml:31:18-50
	android:icon
		ADDED from src\main\AndroidManifest.xml:32:9-45
	android:allowBackup
		ADDED from [com.tsengvn:Typekit:1.0.0] AndroidManifest.xml:12:9-35
activity#com.egoshi.SplashActivity
ADDED from src\main\AndroidManifest.xml:33:9-40:20
	android:screenOrientation
		ADDED from src\main\AndroidManifest.xml:34:13-49
	android:theme
		ADDED from src\main\AndroidManifest.xml:35:13-77
	android:name
		ADDED from src\main\AndroidManifest.xml:33:19-49
intent-filter#android.intent.action.MAIN+android.intent.category.LAUNCHER
ADDED from src\main\AndroidManifest.xml:36:13-39:29
action#android.intent.action.MAIN
ADDED from src\main\AndroidManifest.xml:37:17-68
	android:name
		ADDED from src\main\AndroidManifest.xml:37:25-66
category#android.intent.category.LAUNCHER
ADDED from src\main\AndroidManifest.xml:38:17-76
	android:name
		ADDED from src\main\AndroidManifest.xml:38:27-74
activity#com.egoshi.DeviceControlActivity
ADDED from src\main\AndroidManifest.xml:41:9-196
	android:screenOrientation
		ADDED from src\main\AndroidManifest.xml:41:158-194
	android:windowSoftInputMode
		ADDED from src\main\AndroidManifest.xml:41:57-99
	android:largeHeap
		ADDED from src\main\AndroidManifest.xml:41:133-157
	android:theme
		ADDED from src\main\AndroidManifest.xml:41:100-132
	android:name
		ADDED from src\main\AndroidManifest.xml:41:19-56
service#com.egoshi.BluetoothLeService
ADDED from src\main\AndroidManifest.xml:42:9-77
	android:enabled
		ADDED from src\main\AndroidManifest.xml:42:53-75
	android:name
		ADDED from src\main\AndroidManifest.xml:42:18-52
activity#com.egoshi.DeviceScanActivity
ADDED from src\main\AndroidManifest.xml:43:9-134
	android:screenOrientation
		ADDED from src\main\AndroidManifest.xml:43:86-122
	android:theme
		ADDED from src\main\AndroidManifest.xml:43:54-85
	android:name
		ADDED from src\main\AndroidManifest.xml:43:19-53
activity#com.egoshi.InformationActivity
ADDED from src\main\AndroidManifest.xml:44:9-105
	android:theme
		ADDED from src\main\AndroidManifest.xml:44:55-93
	android:name
		ADDED from src\main\AndroidManifest.xml:44:19-54
uses-sdk
INJECTED from src\main\AndroidManifest.xml reason: use-sdk injection requested
MERGED from [com.tsengvn:Typekit:1.0.0] AndroidManifest.xml:7:5-9:41
	android:targetSdkVersion
		INJECTED from src\main\AndroidManifest.xml
		INJECTED from src\main\AndroidManifest.xml
	android:minSdkVersion
		INJECTED from src\main\AndroidManifest.xml
		INJECTED from src\main\AndroidManifest.xml